    1  student
    2  ssh thif23@172.20.25.9
    3  passwd
    4  passwd user1
    5  wget www.github.com
    6  cs ~/Desktop
    7  cd ~/Desktop
    8  pwd
    9  cd home
   10  cd /mnt/scratch/FA23_CS131_Ashish/thif23
   11  pwd
   12  cd etc
   13  cd //mnt/scratch/FA23_CS131_Ashish/thif23
   14  etc
   15  cd
   16  pwd
   17  cd /etc
   18  pwd
   19  whoami
   20  cd /home/thif23/Desktop
   21  cd ~
   22  pwd
   23  cd ~/Desktop
   24  mkdir /tmp/Worksheet1
   25  cd /tmp/Worksheet1
   26  mkdir
   27  mkdir dir1 dir2 dir3
   28  mkdir
   29  cd /etc ~/Desktop
   30  ls
   31  mkdir -p dir4/dir5/dir6
   32  ls
   33  cd dir4
   34  ls
   35  cd dir5
   36  ls
   37  mkdir another folder
   38  ls
   39  mkdir "folder 1"
   40  mkdir "folder 2'
   41  mkdir folder\3
   42  mkdir "folder 4" "folder 5"
   43  mkdir -p "folder 6"/"folder 7"
   44  ls
   45  ls > output.txt
   46  cat output.txt
   47  echo "this is a test"
   48  cd /
   49  pwd
   50  cd home
   51  pwd
   52  cd ...
   53  cd ..
   54  pwd
   55  cd
   56  pwd
   57  cd ../..
   58  pwd
   59  cd
   60  pwd
   61  cd ../../etc
   62  pwd
   63  cd /
   64  pwd
   65  cd etc
   66  pwd
   67  cd
   68  pwd
   69  cd etc
   70  pwd
   71  cd
   72  pwd
   73  cd /etc
   74  pwd
   75  whoami
   76  cd /home/thif23/Desktop
   77  whoami
   78  cd /home/USERNAME/Desktop
   79  cd ~
   80  pwd
   81  cd ~/Desktop
   82  cd
   83  cd /
   84  cd ~/Desktop
   85  mkdir /tmp/cs131
   86  cd /tmp/cs131
   87  mkdir Worksheet1
   88  mkdir
   89  cd /etc ~/Desktop
   90  ls
   91  history > cmds.log
   92  cs131
   93  cd ~/Desktop
   94  mkdir cs131
   95  cd cd131/
   96  git init
   97  touch thi.txt
   98  ls
   99  git status
  100  cd ~/Desktop
  101  mkdir myproject
  102  cd myproject/
  103  git init
  104  touch thi.txt
  105  ls
  106  git status
  107  git add
  108  git status
  109  git comit -m "this is my first comit"
  110  git commit -m "this is my first commit"
  111  wget www.github.com
  112  git --version
  113  pwd
  114  cd /
  115  pwd
  116  cd cs131
  117  cd etc
  118  pwd
  119  cd
  120  pwd
  121  cd etc
  122  pwd
  123  whoami
  124  cd /home/thif23/Desktop
  125  pwd
  126  cd ~/Desktop
  127  cd
  128  pwd
  129  git init
  130  touch thi.txt
  131  ls
  132  git status
  133  cd
  134  pwd
  135  cd /Users/user/my_project
  136  $ cd /Users/user/my_project
  137  pwd
  138  cd ~/thif23
  139  mkdir /home/git/git_repo
  140  cd /home/git/git_repo
  141  cd cs131
  142  mkdir cs131
  143  cd cs131
  144  git --init bare
  145  git init
  146  ls
  147  cd /etc ~/Desktop
  148  ls
  149  mkdir Worksheet1
  150  ls
  151  touch thi.txt
  152  ls
  153  git status
  154  git init
  155  git status
  156  git commit
  157  thidaonguyen.pham@sjsu.edu
  158  <thidaonguyen.pham@sjsu.edu>
  159  git add<thi.txt>
  160  git add <thi.txt>
  161  git add.
  162  git add-A
  163  git add -A
  164  git status
  165  git commit -m "This is my first commit!"
  166  git config --global user.email "you@example.com"
  167   git config --global user.name "Thi Pham"
  168  git config --global user.email "thidaonguyen.pham@sjsu.edu
  169  '
  170  >
  171  cd
  172  pwd
  173  mkdir cs131
  174  git status
  175  git add -A
  176  cd cs131/
  177  git init
  178  git status
  179  git commit -m "This is my first commit!"
  180  git branch
  181  git checkout -b <my branch name>
  182  git checkout -b <branch name>
  183  git branch
  184  git remote add origin https://github.com/thipham00/cs131.git
  185  git push -u origin main
  186  git push -u origin master
  187  git remote add origin https://github.com/thipham00/cs131.git
  188  git push -u origin master
  189  git remote add origin git@github.com:thipham00/cs131.git
  190  git branch -M main
  191  git push -u origin main
  192  git push -u origin master
  193  git push -u origin main
  194  git remote add origin git@github.com:thipham00/cs131.git
  195  git branch -M main
  196  git push -u origin main
  197  git push origin master
  198  git push
  199  git branch
  200  mkdir -p cs131/Worksheet1
  201  ls
  202  cd cs131
  203  ls
  204  git push
  205  git checkout -b <newbranch>
  206  git branch
  207  git checkout -b ＜new-branch＞
  208  git branch
  209  git push
  210  git push --set-upstream origin ＜new-branch＞
  211  git remote add origin https://github.com/thipham00/cs131.git
  212  git push
  213  cd
  214  pwd
  215  cd cs131
  216  ls
  217  ls > thi.txt
  218  cat thi.txt
  219  pwd
  220  cd
  221  pwd
  222  cd cs131
  223  ls
  224  cd Worksheet1/
  225  git init
  226  git status
  227  cd cs131 Worksheet1/
  228  ls
  229  git init
  230  git add -A
  231  git stattus
  232  git status
  233  git push
  234  git remote add origin https://github.com/thipham00/cs131.git
  235  git push -u origin main
  236  touch thi1.txt
  237  ls
  238  git status
  239  git init
  240  git status
  241  git commit -m "This is my first commit!"
  242  git status
  243  git add -A
  244  git init
  245  git status
  246  git commit -m "This is my second commit!"
  247  git branch
  248  git checkout -b ＜new-branch
  249  git branch
  250  git remote add origin https://github.com/thipham00/cs131.git
  251  git push
  252  git push --set-upstream origin ＜new-branch
  253  git push
  254  cd
  255  pwd
  256  ls
  257  history > cmds.log
  258  git push
  259  git push -u origin master
  260  git push -u <new-branch
  261  git push -u Worksheet1
  262  git push --set-upstream Worksheet1 master
  263  history > cmds.log
  264  git remote add origin https://github.com/thipham00/cs131.git
  265  git push
  266  git push --set-upstream origin master
  267  history > cmds.log
  268  git remote add origin https://github.com/thipham00/cs131.git
  269  git fetch
  270  git log origin/main
  271  git log HEAD..remote/branch
  272  git log/< new-branch
  273  history
  274  cd
  275  pwd
  276  cd /
  277  pwd
  278  cd thif23
  279  pwd
  280  cd home
  281  pwd
  282  cd ..
  283  pwd
  284  cd
  285  pwd
  286  cd ../..
  287  pwd
  288  cd
  289  pwd
  290  cd ../../etc
  291  pwd
  292  cd /
  293  pwd
  294  cd etc
  295  pwd
  296  whoami
  297  cd /home/thif23/Desktop
  298  pwd
  299  cd ~
  300  pwd
  301  cd ~/Desktop
  302  cd
  303  pwd
  304  mkdir cs131
  305  rm cs131
  306  mkdir /cs131/Worksheet1
  307  ls
  308  rm cmds.log
  309  ls
  310  rm index.html.1
  311  rm myproject
  312  rm thi.txt
  313  ls
  314  rm -r myproject
  315  ls
  316  ls
  317  mkdir /home/cs131/Worksheet1
  318  mkdir cs131
  319  cd cs131/
  320  pwd
  321  mkdir /cs131/Worksheet1
  322  mkdir Worksheet1
  323  ls
  324  pwd
  325  rm thi.txt
  326  ls
  327  rm cs131
  328  ls
  329  pws
  330  pwd
  331  cd Worksheet1/
  332  ls
  333  rm thi1.txt
  334  ls
  335  git init
  336  touch thi.txt
  337  ls
  338  git status
  339  git init
  340  git status
  341  git add <thi.txt>
  342  git add < thi.txt >
  343  git status
  344  git branch -d < new-branch
  345  ls
  346  git branch --delete ＜new-branch
  347  git push origin --delete old-branch
  348  git status
  349  git fetch --all
  350  git add/rm <thi1.txt>
  351  git add/rm <thi1.txt>...
  352  git add .
  353  ls
  354  git commit
  355  git commit -m "commit message"
  356  git init
  357  git status
  358  git push
  359  git status
  360  tree
  361  cd cd131/
  362  cd cs131/
  363  cd /
  364  tree
  365  cd cs131 /
  366  cd
  367  pwd
  368  cd cs131 /
  369  ls
  370  cd ..
  371  cd /
  372  cd /cs131
  373  cd cs131/
  374  ls
  375  mkdir cs131
  376  mkdir /tmp/cs131
  377  cd cs131/
  378  cd /tmp/cs131
  379  ls
  380  rm cmds.log
  381  ls
  382  git status
  383  git init
  384  git status
  385  rm thi.txt
  386  ls
  387  rm cs131
  388  tree
  389  ls
  390  git remote add origin https://github.com/thipham00/cs131.git
  391  git branch -M main
  392  git push -u origin main
  393  cd Worksheet1/
  394  ls
  395  git status
  396  touch thi.txt
  397  ls
  398  git status
  399  git init
  400  git status
  401  git commit -m "commit message"
  402  git init
  403  git status
  404  git commit -m "This is my first commit!"
  405  git add <thi.txt>
  406  git add thi.txt
  407  ls
  408  git status
  409  ls
  410  git branch
  411  ls
  412  tree
  413  cd /
  414  cd /tmp/cs131
  415  tree
  416  git remote add origin https://github.com/thipham00/cs131.git
  417  git branch -M main
  418  git push -u origin main
  419  cd .
  420  pwd
  421  cd /
  422  git remote add origin https://github.com/thipham00/cs131.git
  423  cd Worksheet1/
  424  cd /tmp/cs131
  425  cd Worksheet1/
  426  git remote add origin https://github.com/thipham00/cs131.git
  427  git branch -M main
  428  git push -u origin main
  429  git pull origin [branch]
  430  git pull origin master
  431  git pull origin main
  432  git branch
  433  ls
  434  git branch --show-current
  435  git status
  436  cd /tmp/cs131
  437  git remote add origin https://github.com/thipham00/cs131.git
  438  git remote
  439  git remote-
  440  git remote -v
  441  git remote rename origin backup
  442  git remote
  443  git remote add origin https://github.com/thipham00/cs131.git
  444  git branch -M main
  445  git push -u origin main
  446  git branch --show-current
  447  git show-ref
  448  git push origin BRANCH --force
  449  git status
  450  git add Worksheet1/
  451  git init Worksheet1
  452  ls .git
  453  git fetch
  454  git remote update
  455  git remote show origin
  456  git status
  457  git add Worksheet1.
  458  git add Worksheet1/
  459  git add Worksheet1
  460  ls .gitignore
  461  ls -la
  462  rm -rf .git
  463  ls -la
  464  git add Worksheet1/
  465  git add .
  466  git reset HEAD
  467  git checkout.
  468  git checkout .
  469  git reset HEAD
  470  ls -la
  471  cat .git/HEAD
  472  git init
  473  git status
  474  git add Worksheet1/
  475  tree
  476  pwd
  477  git init
  478  git commit -m "commit message"
  479  git status
  480  git init
  481  ls -la
  482  git add Worksheet1/
  483  cd sub
  484  git add .
  485  git commit -m initial
  486  git init
  487  git status
  488  git submodule add https://github.com/thipham00/cs131.git
  489  git status
  490  git add .
  491  cd ..
  492  git add .
  493  ls -la
  494  cd /tmp/cs131
  495  ls -la
  496  git status
  497  git add Worksheet1/
  498  git commit -m "commit message"
  499  cd Worksheet1/
  500  git rm -r --cached .
  501  ls
  502  tree
  503  cd /cs131
  504  cd /
  505  cd /tmp/cs131
  506  tree
  507  git status
  508  git add Worksheet1/
  509  git commit .
  510  git submodule init
  511  git commit .
  512  git status
  513  cd Worksheet1/
  514  ls -la
  515  rm -rf .git
  516  git add --all
  517  ls -la
  518  cd /
  519  cd /tmp/cs131
  520  git status
  521  git commit -m "commit message"
  522  git branch
  523  git remote add origin https://github.com/thipham00/cs131.git
  524  git branch -M main
  525  git push -u origin main
  526  git push origin main
  527  cd Worksheet1/
  528  history > cmds.log
  529  ls
  530  tree
  531  cd /
  532  cd /tmp/cs131
  533  git push origin main
  534  mv cmds.log cs131
  535  cd /
  536  cd /tmp/cs131
  537  tree
  538  git status
  539  git add Worksheet1/cmds.log
  540  git init
  541  git status
  542  git push origin main
  543  tree
  544  history > cmds.log
  545  ls
  546  tree
  547  git status
  548  git add cmds.log
  549  git init
  550  git status
  551  git commit -m "commit"
  552  git status
  553  git push origin main
  554  ls
  555  rm cmds.log
  556  ls
  557  git status
  558  git rm cmds.log
  559  ls
  560  git status
  561  git init
  562  git commit -m "commit"
  563  tree
  564  git push origin main
  565  exit
  566  ==$$
  567  ls
  568  cd
  569  pwd
  570  cd /tmp/cs131
  571  ls
  572  tree
  573  cd /
  574  tree
  575  exit
  576  cat
  577  cd ..
  578  tree
  579  ls
  580  cd /tmp/cs131
  581  ls
  582  cd ..
  583  cd /
  584  ls
  585  cd /
  586  man ls
  587  ls -l
  588  cd /tmp/cs131
  589  ls -l
  590  ls -lt
  591  pingping
  592  history
  593  ls
  594  tree
  595  cd /tmp/cs131
  596  tree
  597  ls
  598  clear
  599  cd ../..
  600  ls
  601  cd /
  602  cd 
  603  pwd
  604  ls
  605  ls -lat
  606  ls -latr
  607  man lat
  608  man ls -lat
  609  ls *.txt
  610  cd /tmp/cs131
  611  ls *.txt
  612  cd
  613  pwd
  614  ls
  615  cd /
  616  ls
  617  cd /tmp/cs131
  618  ls
  619  tree
  620  cd /home
  621  tree
  622  ls
  623  cd /home/thif23
  624  cd /home/thif23
  625  tree
  626  cd /home
  627  tree
  628  cd /home/thif23
  629  tree
  630  cd /tmp
  631  tree
  632  cd /tmp/cs131
  633  tree
  634  mv -v* /home/thif23| q
  635  tree
  636  cd /home/thif23
  637  ls
  638  tree
  639  cd /home
  640  ls
  641  cd ..
  642  pwd
  643  cd ../..
  644  pwd
  645  cd /home/thif23
  646  pwd
  647  cd /tmp
  648  ls
  649  mkdir sampleProject
  650  cd sampleProject
  651  % touch sample.txt
  652  ls -ltr
  653  pwd
  654  git init
  655  git add .
  656  git status
  657  cd /tmp
  658  ls
  659  histort
  660  history
  661  cd sampleProject/
  662  history
  663  git add sample.txt
  664  touch sample.txt
  665  git status
  666  git init
  667  git status
  668  git commit -m "heh"
  669  git init
  670  git status
  671  cd /home/thif23
  672  cd /
  673  ls
  674  cd /tmp
  675  cd ~.ssh && ssh-keygen
  676  cd ~/.ssh && ssh-keygen
  677  man less
  678  head -2
  679  cd /home/thif23
  680  ls
  681  pwd
  682  cd /
  683  pwd
  684  cd ..
  685  open .
  686  exit
  687  cd /
  688  cd ..
  689  cd
  690  pwd
  691  cd /home/thif23
  692  tree
  693  cd ~/.ssh && ssh-keygen
  694  cat id_rsa.pub
  695  cd /
  696  mann les
  697  man less
  698  cd /
  699  tree
  700  ls
  701  cd /tmp/cs131
  702  tree
  703  mv -v * /home/thif23
  704  tree
  705  cd /home/thif23
  706  tree
  707  cd /home
  708  tree
  709  git status
  710  git inti
  711  git init
  712  cd /home/thif23
  713  tree
  714  ls
  715  git status
  716  git init
  717  git status
  718  git init
  719  git status
  720  git commit -m "change directory"
  721  git add Worksheet1/
  722  git status
  723  git add --all
  724  git status
  725  tree
  726  git init
  727  git push origin main
  728  git init
  729  git status
  730  git commit -m "change directory"
  731  git push origin main
  732  git branch
  733  git push origin main
  734  git push origin master
  735  git remote add origin https://github.com/thipham00/cs131.git
  736  git push -u origin master
  737  tree
  738  cd /home/thif23
  739  tree
  740  git status
  741  git remote add origin https://github.com/thipham00/cs131.git
  742  git push -u origin master
  743  man ls -ltr
  744  ls -ltr
  745  pwd
  746  cd /home
  747  ;s
  748  ls
  749  cd thif23/
  750  ls
  751  git status
  752  git config --global user.email "thidaonguyen.pham@sjsu.edu"
  753  git config --global user.name "Thi Pham"
  754  cd ~/.ssh && ssh-keygen
  755  cd thif23/
  756  cd /
  757  cd /home/thif23
  758  cd ~/.ssh && ssh-keygen
  759  cd /home/thif23
  760  cd ~/.ssh && ssh-keygen
  761  cat id_rsa.pub
  762  git status
  763  git init
  764  git status
  765  ls
  766  git add .
  767  git init
  768  git status
  769  git remote add origin https://github.com/thipham00/cs131.git
  770  git push -u origin master
  771  git init
  772  ls
  773  tree
  774  git commit -m "add ssh setup"
  775  git init
  776  git remote add origin https://github.com/thipham00/cs131.git
  777  git push -u origin master
  778  git pull
  779  git remote add origin https://github.com/thipham00/cs131.git
  780  git push -u origin master
  781  git pull
  782  git push -f origin master
  783  cd /home
  784  ls
  785  cd thif23/
  786  pwd
  787  ls
  788  history > cmds.log
